2021-07-21 15:58:13,362 Namespace(cfg='../experiments/coco/hrnet/sa_simdr/w48_256x192_adam_lr1e-3_split2_sigma4_custom.yaml', dataDir='', logDir='', modelDir='', opts=[], prevModelDir='')
2021-07-21 15:58:13,370 AUTO_RESUME: True
CONTINUE_FROM_BEST: False
CUDNN:
  BENCHMARK: True
  DETERMINISTIC: False
  ENABLED: True
DATASET:
  COLOR_RGB: True
  DATASET: coco
  DATA_FORMAT: jpg
  FLIP: True
  HYBRID_JOINTS_TYPE: 
  NUM_JOINTS_HALF_BODY: 8
  PROB_HALF_BODY: 0.3
  ROOT: D:/AI/AIData/coco_trainval
  ROT_FACTOR: 45
  SCALE_FACTOR: 0.35
  SELECT_DATA: False
  TEST_RATIO: 1.0
  TEST_SET: val2017
  TRAIN_RATIO: 1.0
  TRAIN_SET: train2017
DATA_DIR: 
DEBUG:
  DEBUG: True
  SAVE_BATCH_IMAGES_GT: True
  SAVE_BATCH_IMAGES_PRED: True
  SAVE_HEATMAPS_GT: True
  SAVE_HEATMAPS_PRED: True
GPUS: (0,)
LOG_DIR: log
LOSS:
  LABEL_SMOOTHING: 0.1
  TOPK: 8
  TYPE: KLDiscretLoss
  USE_DIFFERENT_JOINTS_WEIGHT: False
  USE_OHKM: False
  USE_TARGET_WEIGHT: True
MODEL:
  AUX_ALPHA: 1e-05
  COORD_REPRESENTATION: sa-simdr
  DIM: 2
  EXTRA:
    FINAL_CONV_KERNEL: 1
    PRETRAINED_LAYERS: ['conv1', 'bn1', 'conv2', 'bn2', 'layer1', 'transition1', 'stage2', 'transition2', 'stage3', 'transition3', 'stage4']
    STAGE2:
      BLOCK: BASIC
      FUSE_METHOD: SUM
      NUM_BLOCKS: [4, 4]
      NUM_BRANCHES: 2
      NUM_CHANNELS: [48, 96]
      NUM_MODULES: 1
    STAGE3:
      BLOCK: BASIC
      FUSE_METHOD: SUM
      NUM_BLOCKS: [4, 4, 4]
      NUM_BRANCHES: 3
      NUM_CHANNELS: [48, 96, 192]
      NUM_MODULES: 4
    STAGE4:
      BLOCK: BASIC
      FUSE_METHOD: SUM
      NUM_BLOCKS: [4, 4, 4, 4]
      NUM_BRANCHES: 4
      NUM_CHANNELS: [48, 96, 192, 384]
      NUM_MODULES: 3
  HEAD_INPUT: 3072
  HEATMAP_SIZE: [192, 256]
  IMAGE_SIZE: [192, 256]
  INIT: False
  INIT_WEIGHTS: True
  NAME: pose_hrnet
  NUM_JOINTS: 17
  PRETRAINED: D:/AI/xwStudy/xwGithub/pose_estimation/pretrained/pytorch/imagenet/hrnet_w48-8ef0771d.pth
  SIGMA: 4
  SIMDR_SPLIT_RATIO: 2.0
  TAG_PER_JOINT: True
MODEL_BEST: 
OUTPUT_DIR: output
PIN_MEMORY: True
PRINT_FREQ: 20
RANK: 0
TEST:
  BATCH_SIZE_PER_GPU: 2
  BBOX_THRE: 1.0
  BLUR_KERNEL: 11
  COCO_BBOX_FILE: 
  FLIP_TEST: True
  IMAGE_THRE: 0.0
  IN_VIS_THRE: 0.01
  MODEL_FILE: 
  NMS_THRE: 1.0
  OKS_THRE: 0.9
  PCKH_THRE: 0.5
  POST_PROCESS: False
  SHIFT_HEATMAP: True
  SOFT_NMS: False
  USE_GT_BBOX: True
TRAIN:
  BATCH_SIZE_PER_GPU: 2
  BEGIN_EPOCH: 0
  CHECKPOINT: 
  END_EPOCH: 210
  GAMMA1: 0.99
  GAMMA2: 0.0
  LR: 0.001
  LR_FACTOR: 0.1
  LR_STEP: [170, 200]
  MOMENTUM: 0.9
  NESTEROV: False
  OPTIMIZER: adam
  RESUME: False
  SHUFFLE: True
  WD: 0.0001
WORKERS: 0
2021-07-21 15:58:14,301 => init weights from normal distribution
2021-07-21 15:58:21,437 => loading pretrained model D:/AI/xwStudy/xwGithub/pose_estimation/pretrained/pytorch/imagenet/hrnet_w48-8ef0771d.pth
2021-07-21 15:58:36,390 Total number of parameters: 66349153
2021-07-21 15:58:37,300 => classes: ['__background__', 'person']
2021-07-21 15:58:37,300 => num_images: 5000
2021-07-21 15:58:38,095 => load 6352 samples
2021-07-21 15:58:38,651 => classes: ['__background__', 'person']
2021-07-21 15:58:38,651 => num_images: 5000
2021-07-21 15:58:39,346 => load 6352 samples
2021-07-21 15:59:00,854 Epoch: [0][0/3176]	Time 21.431s (21.431s)	Speed 0.1 samples/s	Data 1.516s (1.516s)	Loss 0.00749 (0.00749)	
2021-07-21 15:59:17,969 Epoch: [0][20/3176]	Time 1.325s (1.836s)	Speed 1.5 samples/s	Data 0.992s (0.578s)	Loss 0.00420 (0.00781)	
2021-07-21 15:59:37,659 Epoch: [0][40/3176]	Time 0.741s (1.420s)	Speed 2.7 samples/s	Data 0.421s (0.621s)	Loss 0.00710 (0.00799)	
